{"/home/krwhynot/projects/crispy-crm/src/atomic-crm/reports/CampaignActivity/ActivityTypeCard.tsx": {"path":"/home/krwhynot/projects/crispy-crm/src/atomic-crm/reports/CampaignActivity/ActivityTypeCard.tsx","all":false,"statementMap":{"1":{"start":{"line":2,"column":0},"end":{"line":2,"column":57}},"2":{"start":{"line":3,"column":0},"end":{"line":3,"column":69}},"31":{"start":{"line":32,"column":0},"end":{"line":32,"column":48}},"32":{"start":{"line":33,"column":0},"end":{"line":33,"column":13}},"33":{"start":{"line":34,"column":0},"end":{"line":34,"column":14}},"34":{"start":{"line":35,"column":0},"end":{"line":35,"column":16}},"35":{"start":{"line":36,"column":0},"end":{"line":36,"column":13}},"36":{"start":{"line":37,"column":0},"end":{"line":37,"column":13}},"37":{"start":{"line":38,"column":0},"end":{"line":38,"column":17}},"38":{"start":{"line":39,"column":0},"end":{"line":39,"column":20}},"39":{"start":{"line":40,"column":0},"end":{"line":40,"column":21}},"40":{"start":{"line":41,"column":0},"end":{"line":41,"column":21}},"41":{"start":{"line":42,"column":0},"end":{"line":42,"column":26}},"42":{"start":{"line":43,"column":0},"end":{"line":43,"column":19}},"43":{"start":{"line":44,"column":0},"end":{"line":44,"column":15}},"44":{"start":{"line":45,"column":0},"end":{"line":45,"column":2}},"46":{"start":{"line":47,"column":0},"end":{"line":47,"column":56}},"47":{"start":{"line":48,"column":0},"end":{"line":48,"column":13}},"48":{"start":{"line":49,"column":0},"end":{"line":49,"column":15}},"49":{"start":{"line":50,"column":0},"end":{"line":50,"column":64}},"50":{"start":{"line":51,"column":0},"end":{"line":51,"column":15}},"51":{"start":{"line":52,"column":0},"end":{"line":52,"column":2}},"53":{"start":{"line":54,"column":0},"end":{"line":54,"column":67}},"54":{"start":{"line":55,"column":0},"end":{"line":55,"column":8}},"55":{"start":{"line":56,"column":0},"end":{"line":56,"column":13}},"56":{"start":{"line":57,"column":0},"end":{"line":57,"column":11}},"57":{"start":{"line":58,"column":0},"end":{"line":58,"column":11}},"58":{"start":{"line":59,"column":0},"end":{"line":59,"column":7}},"59":{"start":{"line":60,"column":0},"end":{"line":60,"column":64}},"60":{"start":{"line":61,"column":0},"end":{"line":61,"column":49}},"63":{"start":{"line":64,"column":0},"end":{"line":64,"column":84}},"66":{"start":{"line":67,"column":0},"end":{"line":67,"column":35}},"67":{"start":{"line":68,"column":0},"end":{"line":68,"column":33}},"69":{"start":{"line":70,"column":0},"end":{"line":70,"column":67}},"70":{"start":{"line":71,"column":0},"end":{"line":71,"column":47}},"71":{"start":{"line":72,"column":0},"end":{"line":72,"column":47}},"72":{"start":{"line":73,"column":0},"end":{"line":73,"column":10}},"74":{"start":{"line":75,"column":0},"end":{"line":75,"column":48}},"75":{"start":{"line":76,"column":0},"end":{"line":76,"column":44}},"76":{"start":{"line":77,"column":0},"end":{"line":77,"column":20}},"77":{"start":{"line":78,"column":0},"end":{"line":78,"column":33}},"78":{"start":{"line":79,"column":0},"end":{"line":79,"column":58}},"79":{"start":{"line":80,"column":0},"end":{"line":80,"column":8}},"80":{"start":{"line":81,"column":0},"end":{"line":81,"column":7}},"82":{"start":{"line":83,"column":0},"end":{"line":83,"column":65}},"83":{"start":{"line":84,"column":0},"end":{"line":84,"column":27}},"84":{"start":{"line":85,"column":0},"end":{"line":85,"column":6}},"85":{"start":{"line":86,"column":0},"end":{"line":86,"column":52}},"86":{"start":{"line":87,"column":0},"end":{"line":87,"column":66}},"87":{"start":{"line":88,"column":0},"end":{"line":88,"column":61}},"88":{"start":{"line":89,"column":0},"end":{"line":89,"column":3}},"90":{"start":{"line":91,"column":0},"end":{"line":91,"column":10}},"91":{"start":{"line":92,"column":0},"end":{"line":92,"column":9}},"92":{"start":{"line":93,"column":0},"end":{"line":93,"column":79}},"93":{"start":{"line":94,"column":0},"end":{"line":94,"column":24}},"95":{"start":{"line":96,"column":0},"end":{"line":96,"column":35}},"96":{"start":{"line":97,"column":0},"end":{"line":97,"column":59}},"97":{"start":{"line":98,"column":0},"end":{"line":98,"column":51}},"98":{"start":{"line":99,"column":0},"end":{"line":99,"column":52}},"99":{"start":{"line":100,"column":0},"end":{"line":100,"column":17}},"100":{"start":{"line":101,"column":0},"end":{"line":101,"column":66}},"101":{"start":{"line":102,"column":0},"end":{"line":102,"column":59}},"102":{"start":{"line":103,"column":0},"end":{"line":103,"column":94}},"103":{"start":{"line":104,"column":0},"end":{"line":104,"column":18}},"104":{"start":{"line":105,"column":0},"end":{"line":105,"column":18}},"105":{"start":{"line":106,"column":0},"end":{"line":106,"column":16}},"106":{"start":{"line":107,"column":0},"end":{"line":107,"column":25}},"107":{"start":{"line":108,"column":0},"end":{"line":108,"column":47}},"109":{"start":{"line":110,"column":0},"end":{"line":110,"column":48}},"111":{"start":{"line":112,"column":0},"end":{"line":112,"column":14}},"112":{"start":{"line":113,"column":0},"end":{"line":113,"column":19}},"114":{"start":{"line":115,"column":0},"end":{"line":115,"column":23}},"115":{"start":{"line":116,"column":0},"end":{"line":116,"column":38}},"116":{"start":{"line":117,"column":0},"end":{"line":117,"column":55}},"117":{"start":{"line":118,"column":0},"end":{"line":118,"column":29}},"118":{"start":{"line":119,"column":0},"end":{"line":119,"column":42}},"119":{"start":{"line":120,"column":0},"end":{"line":120,"column":71}},"120":{"start":{"line":121,"column":0},"end":{"line":121,"column":52}},"121":{"start":{"line":122,"column":0},"end":{"line":122,"column":19}},"122":{"start":{"line":123,"column":0},"end":{"line":123,"column":14}},"123":{"start":{"line":124,"column":0},"end":{"line":124,"column":22}},"126":{"start":{"line":127,"column":0},"end":{"line":127,"column":22}},"127":{"start":{"line":128,"column":0},"end":{"line":128,"column":38}},"128":{"start":{"line":129,"column":0},"end":{"line":129,"column":44}},"129":{"start":{"line":130,"column":0},"end":{"line":130,"column":19}},"130":{"start":{"line":131,"column":0},"end":{"line":131,"column":39}},"131":{"start":{"line":132,"column":0},"end":{"line":132,"column":83}},"132":{"start":{"line":133,"column":0},"end":{"line":133,"column":78}},"133":{"start":{"line":134,"column":0},"end":{"line":134,"column":75}},"134":{"start":{"line":135,"column":0},"end":{"line":135,"column":74}},"135":{"start":{"line":136,"column":0},"end":{"line":136,"column":78}},"136":{"start":{"line":137,"column":0},"end":{"line":137,"column":79}},"137":{"start":{"line":138,"column":0},"end":{"line":138,"column":19}},"138":{"start":{"line":139,"column":0},"end":{"line":139,"column":20}},"139":{"start":{"line":140,"column":0},"end":{"line":140,"column":19}},"140":{"start":{"line":141,"column":0},"end":{"line":141,"column":51}},"141":{"start":{"line":142,"column":0},"end":{"line":142,"column":77}},"142":{"start":{"line":143,"column":0},"end":{"line":143,"column":79}},"143":{"start":{"line":144,"column":0},"end":{"line":144,"column":44}},"144":{"start":{"line":145,"column":0},"end":{"line":145,"column":82}},"145":{"start":{"line":146,"column":0},"end":{"line":146,"column":23}},"146":{"start":{"line":147,"column":0},"end":{"line":147,"column":44}},"147":{"start":{"line":148,"column":0},"end":{"line":148,"column":72}},"148":{"start":{"line":149,"column":0},"end":{"line":149,"column":23}},"149":{"start":{"line":150,"column":0},"end":{"line":150,"column":44}},"150":{"start":{"line":151,"column":0},"end":{"line":151,"column":71}},"151":{"start":{"line":152,"column":0},"end":{"line":152,"column":23}},"152":{"start":{"line":153,"column":0},"end":{"line":153,"column":76}},"153":{"start":{"line":154,"column":0},"end":{"line":154,"column":56}},"154":{"start":{"line":155,"column":0},"end":{"line":155,"column":82}},"155":{"start":{"line":156,"column":0},"end":{"line":156,"column":23}},"156":{"start":{"line":157,"column":0},"end":{"line":157,"column":21}},"157":{"start":{"line":158,"column":0},"end":{"line":158,"column":17}},"158":{"start":{"line":159,"column":0},"end":{"line":159,"column":20}},"159":{"start":{"line":160,"column":0},"end":{"line":160,"column":18}},"160":{"start":{"line":161,"column":0},"end":{"line":161,"column":22}},"162":{"start":{"line":163,"column":0},"end":{"line":163,"column":11}},"164":{"start":{"line":165,"column":0},"end":{"line":165,"column":2}}},"s":{"1":1,"2":1,"31":1,"32":1,"33":1,"34":1,"35":1,"36":1,"37":1,"38":1,"39":1,"40":1,"41":1,"42":1,"43":1,"44":1,"46":1,"47":22,"48":22,"49":22,"50":22,"51":22,"53":1,"54":22,"55":22,"56":22,"57":22,"58":22,"59":22,"60":22,"63":22,"66":22,"67":22,"69":22,"70":20,"71":20,"72":22,"74":2,"75":2,"76":2,"77":2,"78":2,"79":2,"80":2,"82":2,"83":2,"84":2,"85":2,"86":2,"87":2,"88":2,"90":22,"91":22,"92":22,"93":22,"95":22,"96":22,"97":22,"98":22,"99":22,"100":22,"101":22,"102":22,"103":22,"104":22,"105":22,"106":22,"107":9,"109":13,"111":22,"112":22,"114":22,"115":13,"116":13,"117":13,"118":13,"119":13,"120":13,"121":13,"122":13,"123":13,"126":22,"127":9,"128":9,"129":9,"130":9,"131":9,"132":9,"133":9,"134":9,"135":9,"136":9,"137":9,"138":9,"139":9,"140":9,"141":13,"142":13,"143":13,"144":13,"145":13,"146":13,"147":13,"148":13,"149":13,"150":13,"151":13,"152":13,"153":13,"154":13,"155":13,"156":13,"157":9,"158":9,"159":9,"160":9,"162":22,"164":22},"branchMap":{"0":{"type":"branch","line":47,"loc":{"start":{"line":47,"column":29},"end":{"line":52,"column":2}},"locations":[{"start":{"line":47,"column":29},"end":{"line":52,"column":2}}]},"1":{"type":"branch","line":50,"loc":{"start":{"line":50,"column":9},"end":{"line":50,"column":63}},"locations":[{"start":{"line":50,"column":9},"end":{"line":50,"column":63}}]},"2":{"type":"branch","line":54,"loc":{"start":{"line":54,"column":65},"end":{"line":165,"column":2}},"locations":[{"start":{"line":54,"column":65},"end":{"line":165,"column":2}}]},"3":{"type":"branch","line":60,"loc":{"start":{"line":60,"column":54},"end":{"line":60,"column":64}},"locations":[{"start":{"line":60,"column":54},"end":{"line":60,"column":64}}]},"4":{"type":"branch","line":64,"loc":{"start":{"line":64,"column":27},"end":{"line":64,"column":84}},"locations":[{"start":{"line":64,"column":27},"end":{"line":64,"column":84}}]},"5":{"type":"branch","line":70,"loc":{"start":{"line":70,"column":12},"end":{"line":70,"column":66}},"locations":[{"start":{"line":70,"column":12},"end":{"line":70,"column":66}}]},"6":{"type":"branch","line":70,"loc":{"start":{"line":70,"column":66},"end":{"line":73,"column":9}},"locations":[{"start":{"line":70,"column":66},"end":{"line":73,"column":9}}]},"7":{"type":"branch","line":73,"loc":{"start":{"line":73,"column":2},"end":{"line":89,"column":3}},"locations":[{"start":{"line":73,"column":2},"end":{"line":89,"column":3}}]},"8":{"type":"branch","line":87,"loc":{"start":{"line":87,"column":39},"end":{"line":87,"column":59}},"locations":[{"start":{"line":87,"column":39},"end":{"line":87,"column":59}}]},"9":{"type":"branch","line":87,"loc":{"start":{"line":87,"column":59},"end":{"line":87,"column":66}},"locations":[{"start":{"line":87,"column":59},"end":{"line":87,"column":66}}]},"10":{"type":"branch","line":107,"loc":{"start":{"line":107,"column":11},"end":{"line":108,"column":47}},"locations":[{"start":{"line":107,"column":11},"end":{"line":108,"column":47}}]},"11":{"type":"branch","line":108,"loc":{"start":{"line":108,"column":45},"end":{"line":110,"column":48}},"locations":[{"start":{"line":108,"column":45},"end":{"line":110,"column":48}}]},"12":{"type":"branch","line":115,"loc":{"start":{"line":115,"column":8},"end":{"line":124,"column":22}},"locations":[{"start":{"line":115,"column":8},"end":{"line":124,"column":22}}]},"13":{"type":"branch","line":121,"loc":{"start":{"line":121,"column":38},"end":{"line":121,"column":48}},"locations":[{"start":{"line":121,"column":38},"end":{"line":121,"column":48}}]},"14":{"type":"branch","line":121,"loc":{"start":{"line":121,"column":42},"end":{"line":121,"column":51}},"locations":[{"start":{"line":121,"column":42},"end":{"line":121,"column":51}}]},"15":{"type":"branch","line":127,"loc":{"start":{"line":127,"column":7},"end":{"line":161,"column":22}},"locations":[{"start":{"line":127,"column":7},"end":{"line":161,"column":22}}]},"16":{"type":"branch","line":76,"loc":{"start":{"line":76,"column":29},"end":{"line":81,"column":5}},"locations":[{"start":{"line":76,"column":29},"end":{"line":81,"column":5}}]},"17":{"type":"branch","line":141,"loc":{"start":{"line":141,"column":36},"end":{"line":157,"column":21}},"locations":[{"start":{"line":141,"column":36},"end":{"line":157,"column":21}}]},"18":{"type":"branch","line":145,"loc":{"start":{"line":145,"column":30},"end":{"line":145,"column":78}},"locations":[{"start":{"line":145,"column":30},"end":{"line":145,"column":78}}]},"19":{"type":"branch","line":151,"loc":{"start":{"line":151,"column":53},"end":{"line":151,"column":71}},"locations":[{"start":{"line":151,"column":53},"end":{"line":151,"column":71}}]}},"b":{"0":[22],"1":[22],"2":[22],"3":[0],"4":[2],"5":[20],"6":[20],"7":[2],"8":[0],"9":[0],"10":[9],"11":[13],"12":[13],"13":[1],"14":[12],"15":[9],"16":[2],"17":[13],"18":[0],"19":[0]},"fnMap":{"0":{"name":"getActivityTypeLabel","decl":{"start":{"line":47,"column":29},"end":{"line":52,"column":2}},"loc":{"start":{"line":47,"column":29},"end":{"line":52,"column":2}},"line":47},"1":{"name":"ActivityTypeCard","decl":{"start":{"line":54,"column":65},"end":{"line":165,"column":2}},"loc":{"start":{"line":54,"column":65},"end":{"line":165,"column":2}},"line":54}},"f":{"0":22,"1":22}}
,"/home/krwhynot/projects/crispy-crm/src/atomic-crm/reports/CampaignActivity/CampaignActivityReport.tsx": {"path":"/home/krwhynot/projects/crispy-crm/src/atomic-crm/reports/CampaignActivity/CampaignActivityReport.tsx","all":false,"statementMap":{"0":{"start":{"line":1,"column":0},"end":{"line":1,"column":49}},"1":{"start":{"line":2,"column":0},"end":{"line":2,"column":37}},"2":{"start":{"line":3,"column":0},"end":{"line":3,"column":65}},"3":{"start":{"line":4,"column":0},"end":{"line":4,"column":80}},"4":{"start":{"line":5,"column":0},"end":{"line":5,"column":54}},"34":{"start":{"line":35,"column":0},"end":{"line":35,"column":50}},"35":{"start":{"line":36,"column":0},"end":{"line":36,"column":77}},"38":{"start":{"line":39,"column":0},"end":{"line":39,"column":57}},"39":{"start":{"line":40,"column":0},"end":{"line":40,"column":17}},"40":{"start":{"line":41,"column":0},"end":{"line":41,"column":5}},"41":{"start":{"line":42,"column":0},"end":{"line":42,"column":46}},"42":{"start":{"line":43,"column":0},"end":{"line":43,"column":15}},"43":{"start":{"line":44,"column":0},"end":{"line":44,"column":60}},"44":{"start":{"line":45,"column":0},"end":{"line":45,"column":44}},"45":{"start":{"line":46,"column":0},"end":{"line":46,"column":8}},"46":{"start":{"line":47,"column":0},"end":{"line":47,"column":51}},"47":{"start":{"line":48,"column":0},"end":{"line":48,"column":5}},"48":{"start":{"line":49,"column":0},"end":{"line":49,"column":4}},"51":{"start":{"line":52,"column":0},"end":{"line":52,"column":27}},"52":{"start":{"line":53,"column":0},"end":{"line":53,"column":9}},"53":{"start":{"line":54,"column":0},"end":{"line":54,"column":17}},"54":{"start":{"line":55,"column":0},"end":{"line":55,"column":16}},"55":{"start":{"line":56,"column":0},"end":{"line":56,"column":28}},"56":{"start":{"line":57,"column":0},"end":{"line":57,"column":37}},"57":{"start":{"line":58,"column":0},"end":{"line":58,"column":28}},"58":{"start":{"line":59,"column":0},"end":{"line":59,"column":9}},"59":{"start":{"line":60,"column":0},"end":{"line":60,"column":8}},"60":{"start":{"line":61,"column":0},"end":{"line":61,"column":16}},"61":{"start":{"line":62,"column":0},"end":{"line":62,"column":4}},"63":{"start":{"line":64,"column":0},"end":{"line":64,"column":62}},"64":{"start":{"line":65,"column":0},"end":{"line":65,"column":63}},"65":{"start":{"line":66,"column":0},"end":{"line":66,"column":42}},"66":{"start":{"line":67,"column":0},"end":{"line":67,"column":5}},"68":{"start":{"line":69,"column":0},"end":{"line":69,"column":27}},"69":{"start":{"line":70,"column":0},"end":{"line":70,"column":90}},"70":{"start":{"line":71,"column":0},"end":{"line":71,"column":15}},"71":{"start":{"line":72,"column":0},"end":{"line":72,"column":4}},"74":{"start":{"line":75,"column":0},"end":{"line":75,"column":40}},"75":{"start":{"line":76,"column":0},"end":{"line":76,"column":58}},"77":{"start":{"line":78,"column":0},"end":{"line":78,"column":53}},"78":{"start":{"line":79,"column":0},"end":{"line":79,"column":46}},"80":{"start":{"line":81,"column":0},"end":{"line":81,"column":38}},"81":{"start":{"line":82,"column":0},"end":{"line":82,"column":46}},"83":{"start":{"line":84,"column":0},"end":{"line":84,"column":31}},"84":{"start":{"line":85,"column":0},"end":{"line":85,"column":27}},"85":{"start":{"line":86,"column":0},"end":{"line":86,"column":15}},"86":{"start":{"line":87,"column":0},"end":{"line":87,"column":25}},"87":{"start":{"line":88,"column":0},"end":{"line":88,"column":24}},"88":{"start":{"line":89,"column":0},"end":{"line":89,"column":24}},"89":{"start":{"line":90,"column":0},"end":{"line":90,"column":24}},"90":{"start":{"line":91,"column":0},"end":{"line":91,"column":28}},"91":{"start":{"line":92,"column":0},"end":{"line":92,"column":29}},"92":{"start":{"line":93,"column":0},"end":{"line":93,"column":11}},"93":{"start":{"line":94,"column":0},"end":{"line":94,"column":7}},"95":{"start":{"line":96,"column":0},"end":{"line":96,"column":39}},"96":{"start":{"line":97,"column":0},"end":{"line":97,"column":38}},"97":{"start":{"line":98,"column":0},"end":{"line":98,"column":28}},"98":{"start":{"line":99,"column":0},"end":{"line":99,"column":7}},"101":{"start":{"line":102,"column":0},"end":{"line":102,"column":64}},"102":{"start":{"line":103,"column":0},"end":{"line":103,"column":75}},"104":{"start":{"line":105,"column":0},"end":{"line":105,"column":46}},"105":{"start":{"line":106,"column":0},"end":{"line":106,"column":47}},"106":{"start":{"line":107,"column":0},"end":{"line":107,"column":36}},"107":{"start":{"line":108,"column":0},"end":{"line":108,"column":106}},"108":{"start":{"line":109,"column":0},"end":{"line":109,"column":9}},"109":{"start":{"line":110,"column":0},"end":{"line":110,"column":41}},"110":{"start":{"line":111,"column":0},"end":{"line":111,"column":9}},"112":{"start":{"line":113,"column":0},"end":{"line":113,"column":40}},"113":{"start":{"line":114,"column":0},"end":{"line":114,"column":97}},"114":{"start":{"line":115,"column":0},"end":{"line":115,"column":84}},"116":{"start":{"line":117,"column":0},"end":{"line":117,"column":14}},"117":{"start":{"line":118,"column":0},"end":{"line":118,"column":17}},"118":{"start":{"line":119,"column":0},"end":{"line":119,"column":19}},"119":{"start":{"line":120,"column":0},"end":{"line":120,"column":75}},"120":{"start":{"line":121,"column":0},"end":{"line":121,"column":43}},"121":{"start":{"line":122,"column":0},"end":{"line":122,"column":46}},"122":{"start":{"line":123,"column":0},"end":{"line":123,"column":8}},"123":{"start":{"line":124,"column":0},"end":{"line":124,"column":7}},"125":{"start":{"line":126,"column":0},"end":{"line":126,"column":62}},"126":{"start":{"line":127,"column":0},"end":{"line":127,"column":19}},"129":{"start":{"line":130,"column":0},"end":{"line":130,"column":25}},"130":{"start":{"line":131,"column":0},"end":{"line":131,"column":64}},"131":{"start":{"line":132,"column":0},"end":{"line":132,"column":83}},"132":{"start":{"line":133,"column":0},"end":{"line":133,"column":38}},"133":{"start":{"line":134,"column":0},"end":{"line":134,"column":5}},"134":{"start":{"line":135,"column":0},"end":{"line":135,"column":43}},"137":{"start":{"line":138,"column":0},"end":{"line":138,"column":44}},"138":{"start":{"line":139,"column":0},"end":{"line":139,"column":76}},"139":{"start":{"line":140,"column":0},"end":{"line":140,"column":83}},"140":{"start":{"line":141,"column":0},"end":{"line":141,"column":104}},"141":{"start":{"line":142,"column":0},"end":{"line":142,"column":114}},"143":{"start":{"line":144,"column":0},"end":{"line":144,"column":42}},"144":{"start":{"line":145,"column":0},"end":{"line":145,"column":47}},"145":{"start":{"line":146,"column":0},"end":{"line":146,"column":32}},"146":{"start":{"line":147,"column":0},"end":{"line":147,"column":31}},"147":{"start":{"line":148,"column":0},"end":{"line":148,"column":12}},"148":{"start":{"line":149,"column":0},"end":{"line":149,"column":28}},"149":{"start":{"line":150,"column":0},"end":{"line":150,"column":5}},"150":{"start":{"line":151,"column":0},"end":{"line":151,"column":34}},"151":{"start":{"line":152,"column":0},"end":{"line":152,"column":4}},"153":{"start":{"line":154,"column":0},"end":{"line":154,"column":10}},"154":{"start":{"line":155,"column":0},"end":{"line":155,"column":51}},"156":{"start":{"line":157,"column":0},"end":{"line":157,"column":81}},"157":{"start":{"line":158,"column":0},"end":{"line":158,"column":14}},"158":{"start":{"line":159,"column":0},"end":{"line":159,"column":39}},"159":{"start":{"line":160,"column":0},"end":{"line":160,"column":77}},"161":{"start":{"line":162,"column":0},"end":{"line":162,"column":24}},"162":{"start":{"line":163,"column":0},"end":{"line":163,"column":23}},"163":{"start":{"line":164,"column":0},"end":{"line":164,"column":23}},"164":{"start":{"line":165,"column":0},"end":{"line":165,"column":71}},"165":{"start":{"line":166,"column":0},"end":{"line":166,"column":24}},"166":{"start":{"line":167,"column":0},"end":{"line":167,"column":15}},"168":{"start":{"line":169,"column":0},"end":{"line":169,"column":14}},"169":{"start":{"line":170,"column":0},"end":{"line":170,"column":39}},"170":{"start":{"line":171,"column":0},"end":{"line":171,"column":77}},"172":{"start":{"line":173,"column":0},"end":{"line":173,"column":24}},"173":{"start":{"line":174,"column":0},"end":{"line":174,"column":23}},"174":{"start":{"line":175,"column":0},"end":{"line":175,"column":23}},"175":{"start":{"line":176,"column":0},"end":{"line":176,"column":66}},"176":{"start":{"line":177,"column":0},"end":{"line":177,"column":24}},"177":{"start":{"line":178,"column":0},"end":{"line":178,"column":15}},"179":{"start":{"line":180,"column":0},"end":{"line":180,"column":14}},"180":{"start":{"line":181,"column":0},"end":{"line":181,"column":39}},"181":{"start":{"line":182,"column":0},"end":{"line":182,"column":77}},"183":{"start":{"line":184,"column":0},"end":{"line":184,"column":24}},"184":{"start":{"line":185,"column":0},"end":{"line":185,"column":23}},"185":{"start":{"line":186,"column":0},"end":{"line":186,"column":23}},"186":{"start":{"line":187,"column":0},"end":{"line":187,"column":69}},"187":{"start":{"line":188,"column":0},"end":{"line":188,"column":24}},"188":{"start":{"line":189,"column":0},"end":{"line":189,"column":15}},"190":{"start":{"line":191,"column":0},"end":{"line":191,"column":14}},"191":{"start":{"line":192,"column":0},"end":{"line":192,"column":39}},"192":{"start":{"line":193,"column":0},"end":{"line":193,"column":77}},"194":{"start":{"line":195,"column":0},"end":{"line":195,"column":24}},"195":{"start":{"line":196,"column":0},"end":{"line":196,"column":23}},"196":{"start":{"line":197,"column":0},"end":{"line":197,"column":23}},"197":{"start":{"line":198,"column":0},"end":{"line":198,"column":76}},"198":{"start":{"line":199,"column":0},"end":{"line":199,"column":24}},"199":{"start":{"line":200,"column":0},"end":{"line":200,"column":15}},"200":{"start":{"line":201,"column":0},"end":{"line":201,"column":12}},"203":{"start":{"line":204,"column":0},"end":{"line":204,"column":36}},"204":{"start":{"line":205,"column":0},"end":{"line":205,"column":13}},"205":{"start":{"line":206,"column":0},"end":{"line":206,"column":81}},"206":{"start":{"line":207,"column":0},"end":{"line":207,"column":42}},"207":{"start":{"line":208,"column":0},"end":{"line":208,"column":29}},"208":{"start":{"line":209,"column":0},"end":{"line":209,"column":30}},"209":{"start":{"line":210,"column":0},"end":{"line":210,"column":27}},"210":{"start":{"line":211,"column":0},"end":{"line":211,"column":56}},"211":{"start":{"line":212,"column":0},"end":{"line":212,"column":55}},"212":{"start":{"line":213,"column":0},"end":{"line":213,"column":33}},"213":{"start":{"line":214,"column":0},"end":{"line":214,"column":14}},"214":{"start":{"line":215,"column":0},"end":{"line":215,"column":13}},"215":{"start":{"line":216,"column":0},"end":{"line":216,"column":14}},"217":{"start":{"line":218,"column":0},"end":{"line":218,"column":97}},"218":{"start":{"line":219,"column":0},"end":{"line":219,"column":88}},"219":{"start":{"line":220,"column":0},"end":{"line":220,"column":60}},"221":{"start":{"line":222,"column":0},"end":{"line":222,"column":14}},"222":{"start":{"line":223,"column":0},"end":{"line":223,"column":14}},"224":{"start":{"line":225,"column":0},"end":{"line":225,"column":19}},"226":{"start":{"line":227,"column":0},"end":{"line":227,"column":1}}},"s":{"0":1,"1":1,"2":1,"3":1,"4":1,"34":8,"35":8,"38":8,"39":8,"40":8,"41":8,"42":8,"43":8,"44":8,"45":8,"46":8,"47":8,"48":8,"51":8,"52":8,"53":5,"54":5,"55":5,"56":5,"57":5,"58":5,"59":5,"60":8,"61":8,"63":8,"64":8,"65":8,"66":8,"68":8,"69":8,"70":8,"71":8,"74":8,"75":5,"77":3,"78":3,"80":3,"81":16,"83":16,"84":10,"85":10,"86":10,"87":10,"88":10,"89":10,"90":10,"91":10,"92":10,"93":10,"95":16,"96":16,"97":16,"98":3,"101":3,"102":10,"104":10,"105":16,"106":16,"107":15,"108":15,"109":16,"110":10,"112":10,"113":10,"114":10,"116":10,"117":10,"118":10,"119":10,"120":10,"121":10,"122":10,"123":3,"125":3,"126":8,"129":8,"130":8,"131":3,"132":3,"133":3,"134":8,"137":8,"138":8,"139":8,"140":8,"141":8,"143":8,"144":0,"145":0,"146":0,"147":0,"148":0,"149":0,"150":0,"151":0,"153":8,"154":8,"156":8,"157":8,"158":8,"159":8,"161":8,"162":8,"163":8,"164":8,"165":8,"166":8,"168":8,"169":8,"170":8,"172":8,"173":8,"174":8,"175":8,"176":8,"177":8,"179":8,"180":8,"181":8,"183":8,"184":8,"185":8,"186":8,"187":8,"188":8,"190":8,"191":8,"192":8,"194":8,"195":8,"196":8,"197":8,"198":8,"199":8,"200":8,"203":8,"204":6,"205":6,"206":6,"207":20,"208":20,"209":20,"210":20,"211":20,"212":20,"213":20,"214":6,"215":6,"217":2,"218":2,"219":2,"221":2,"222":2,"224":8,"226":8},"branchMap":{"0":{"type":"branch","line":35,"loc":{"start":{"line":35,"column":0},"end":{"line":227,"column":1}},"locations":[{"start":{"line":35,"column":0},"end":{"line":227,"column":1}}]},"1":{"type":"branch","line":65,"loc":{"start":{"line":65,"column":30},"end":{"line":65,"column":53}},"locations":[{"start":{"line":65,"column":30},"end":{"line":65,"column":53}}]},"2":{"type":"branch","line":65,"loc":{"start":{"line":65,"column":49},"end":{"line":65,"column":63}},"locations":[{"start":{"line":65,"column":49},"end":{"line":65,"column":63}}]},"3":{"type":"branch","line":141,"loc":{"start":{"line":141,"column":98},"end":{"line":141,"column":104}},"locations":[{"start":{"line":141,"column":98},"end":{"line":141,"column":104}}]},"4":{"type":"branch","line":142,"loc":{"start":{"line":142,"column":104},"end":{"line":142,"column":114}},"locations":[{"start":{"line":142,"column":104},"end":{"line":142,"column":114}}]},"5":{"type":"branch","line":204,"loc":{"start":{"line":204,"column":31},"end":{"line":216,"column":14}},"locations":[{"start":{"line":204,"column":31},"end":{"line":216,"column":14}}]},"6":{"type":"branch","line":216,"loc":{"start":{"line":216,"column":8},"end":{"line":223,"column":14}},"locations":[{"start":{"line":216,"column":8},"end":{"line":223,"column":14}}]},"7":{"type":"branch","line":53,"loc":{"start":{"line":53,"column":4},"end":{"line":60,"column":8}},"locations":[{"start":{"line":53,"column":4},"end":{"line":60,"column":8}}]},"8":{"type":"branch","line":56,"loc":{"start":{"line":56,"column":11},"end":{"line":56,"column":28}},"locations":[{"start":{"line":56,"column":11},"end":{"line":56,"column":28}}]},"9":{"type":"branch","line":57,"loc":{"start":{"line":57,"column":17},"end":{"line":57,"column":36}},"locations":[{"start":{"line":57,"column":17},"end":{"line":57,"column":36}}]},"10":{"type":"branch","line":70,"loc":{"start":{"line":70,"column":4},"end":{"line":70,"column":90}},"locations":[{"start":{"line":70,"column":4},"end":{"line":70,"column":90}}]},"11":{"type":"branch","line":70,"loc":{"start":{"line":70,"column":19},"end":{"line":70,"column":36}},"locations":[{"start":{"line":70,"column":19},"end":{"line":70,"column":36}}]},"12":{"type":"branch","line":70,"loc":{"start":{"line":70,"column":40},"end":{"line":70,"column":87}},"locations":[{"start":{"line":70,"column":40},"end":{"line":70,"column":87}}]},"13":{"type":"branch","line":75,"loc":{"start":{"line":75,"column":33},"end":{"line":127,"column":5}},"locations":[{"start":{"line":75,"column":33},"end":{"line":127,"column":5}}]},"14":{"type":"branch","line":76,"loc":{"start":{"line":76,"column":48},"end":{"line":76,"column":58}},"locations":[{"start":{"line":76,"column":48},"end":{"line":76,"column":58}}]},"15":{"type":"branch","line":76,"loc":{"start":{"line":76,"column":56},"end":{"line":126,"column":62}},"locations":[{"start":{"line":76,"column":56},"end":{"line":126,"column":62}}]},"16":{"type":"branch","line":81,"loc":{"start":{"line":81,"column":23},"end":{"line":99,"column":5}},"locations":[{"start":{"line":81,"column":23},"end":{"line":99,"column":5}}]},"17":{"type":"branch","line":82,"loc":{"start":{"line":82,"column":28},"end":{"line":82,"column":46}},"locations":[{"start":{"line":82,"column":28},"end":{"line":82,"column":46}}]},"18":{"type":"branch","line":84,"loc":{"start":{"line":84,"column":30},"end":{"line":94,"column":7}},"locations":[{"start":{"line":84,"column":30},"end":{"line":94,"column":7}}]},"19":{"type":"branch","line":102,"loc":{"start":{"line":102,"column":52},"end":{"line":124,"column":5}},"locations":[{"start":{"line":102,"column":52},"end":{"line":124,"column":5}}]},"20":{"type":"branch","line":115,"loc":{"start":{"line":115,"column":45},"end":{"line":115,"column":84}},"locations":[{"start":{"line":115,"column":45},"end":{"line":115,"column":84}}]},"21":{"type":"branch","line":105,"loc":{"start":{"line":105,"column":31},"end":{"line":111,"column":7}},"locations":[{"start":{"line":105,"column":31},"end":{"line":111,"column":7}}]},"22":{"type":"branch","line":107,"loc":{"start":{"line":107,"column":35},"end":{"line":109,"column":9}},"locations":[{"start":{"line":107,"column":35},"end":{"line":109,"column":9}}]},"23":{"type":"branch","line":108,"loc":{"start":{"line":108,"column":48},"end":{"line":108,"column":94}},"locations":[{"start":{"line":108,"column":48},"end":{"line":108,"column":94}}]},"24":{"type":"branch","line":114,"loc":{"start":{"line":114,"column":62},"end":{"line":114,"column":95}},"locations":[{"start":{"line":114,"column":62},"end":{"line":114,"column":95}}]},"25":{"type":"branch","line":126,"loc":{"start":{"line":126,"column":23},"end":{"line":126,"column":60}},"locations":[{"start":{"line":126,"column":23},"end":{"line":126,"column":60}}]},"26":{"type":"branch","line":130,"loc":{"start":{"line":130,"column":18},"end":{"line":135,"column":5}},"locations":[{"start":{"line":130,"column":18},"end":{"line":135,"column":5}}]},"27":{"type":"branch","line":131,"loc":{"start":{"line":131,"column":32},"end":{"line":131,"column":63}},"locations":[{"start":{"line":131,"column":32},"end":{"line":131,"column":63}}]},"28":{"type":"branch","line":131,"loc":{"start":{"line":131,"column":63},"end":{"line":134,"column":5}},"locations":[{"start":{"line":131,"column":63},"end":{"line":134,"column":5}}]},"29":{"type":"branch","line":132,"loc":{"start":{"line":132,"column":67},"end":{"line":132,"column":80}},"locations":[{"start":{"line":132,"column":67},"end":{"line":132,"column":80}}]},"30":{"type":"branch","line":139,"loc":{"start":{"line":139,"column":44},"end":{"line":139,"column":68}},"locations":[{"start":{"line":139,"column":44},"end":{"line":139,"column":68}}]},"31":{"type":"branch","line":207,"loc":{"start":{"line":207,"column":30},"end":{"line":214,"column":14}},"locations":[{"start":{"line":207,"column":30},"end":{"line":214,"column":14}}]}},"b":{"0":[8],"1":[6],"2":[2],"3":[0],"4":[0],"5":[6],"6":[2],"7":[5],"8":[0],"9":[16],"10":[5],"11":[0],"12":[15],"13":[5],"14":[2],"15":[3],"16":[16],"17":[0],"18":[10],"19":[10],"20":[0],"21":[16],"22":[15],"23":[0],"24":[5],"25":[7],"26":[8],"27":[6],"28":[3],"29":[8],"30":[32],"31":[20]},"fnMap":{"0":{"name":"CampaignActivityReport","decl":{"start":{"line":35,"column":0},"end":{"line":227,"column":1}},"loc":{"start":{"line":35,"column":0},"end":{"line":227,"column":1}},"line":35},"1":{"name":"handleToggle","decl":{"start":{"line":144,"column":23},"end":{"line":152,"column":4}},"loc":{"start":{"line":144,"column":23},"end":{"line":152,"column":4}},"line":144},"2":{"name":"onToggle","decl":{"start":{"line":212,"column":24},"end":{"line":212,"column":55}},"loc":{"start":{"line":212,"column":24},"end":{"line":212,"column":55}},"line":212}},"f":{"0":8,"1":0,"2":0}}
}
