TN:
SF:src/atomic-crm/reports/CampaignActivity/ActivityTypeCard.tsx
FN:47,getActivityTypeLabel
FN:54,ActivityTypeCard
FNF:2
FNH:2
FNDA:22,getActivityTypeLabel
FNDA:22,ActivityTypeCard
DA:2,1
DA:3,1
DA:32,1
DA:33,1
DA:34,1
DA:35,1
DA:36,1
DA:37,1
DA:38,1
DA:39,1
DA:40,1
DA:41,1
DA:42,1
DA:43,1
DA:44,1
DA:45,1
DA:47,1
DA:48,22
DA:49,22
DA:50,22
DA:51,22
DA:52,22
DA:54,1
DA:55,22
DA:56,22
DA:57,22
DA:58,22
DA:59,22
DA:60,22
DA:61,22
DA:64,22
DA:67,22
DA:68,22
DA:70,22
DA:71,20
DA:72,20
DA:73,22
DA:75,2
DA:76,2
DA:77,2
DA:78,2
DA:79,2
DA:80,2
DA:81,2
DA:83,2
DA:84,2
DA:85,2
DA:86,2
DA:87,2
DA:88,2
DA:89,2
DA:91,22
DA:92,22
DA:93,22
DA:94,22
DA:96,22
DA:97,22
DA:98,22
DA:99,22
DA:100,22
DA:101,22
DA:102,22
DA:103,22
DA:104,22
DA:105,22
DA:106,22
DA:107,22
DA:108,9
DA:110,13
DA:112,22
DA:113,22
DA:115,22
DA:116,13
DA:117,13
DA:118,13
DA:119,13
DA:120,13
DA:121,13
DA:122,13
DA:123,13
DA:124,13
DA:127,22
DA:128,9
DA:129,9
DA:130,9
DA:131,9
DA:132,9
DA:133,9
DA:134,9
DA:135,9
DA:136,9
DA:137,9
DA:138,9
DA:139,9
DA:140,9
DA:141,9
DA:142,13
DA:143,13
DA:144,13
DA:145,13
DA:146,13
DA:147,13
DA:148,13
DA:149,13
DA:150,13
DA:151,13
DA:152,13
DA:153,13
DA:154,13
DA:155,13
DA:156,13
DA:157,13
DA:158,9
DA:159,9
DA:160,9
DA:161,9
DA:163,22
DA:165,22
LF:118
LH:118
BRDA:47,0,0,22
BRDA:50,1,0,22
BRDA:54,2,0,22
BRDA:60,3,0,0
BRDA:64,4,0,2
BRDA:70,5,0,20
BRDA:70,6,0,20
BRDA:73,7,0,2
BRDA:87,8,0,0
BRDA:87,9,0,0
BRDA:107,10,0,9
BRDA:108,11,0,13
BRDA:115,12,0,13
BRDA:121,13,0,1
BRDA:121,14,0,12
BRDA:127,15,0,9
BRDA:76,16,0,2
BRDA:141,17,0,13
BRDA:145,18,0,0
BRDA:151,19,0,0
BRF:20
BRH:15
end_of_record
TN:
SF:src/atomic-crm/reports/CampaignActivity/CampaignActivityReport.tsx
FN:35,CampaignActivityReport
FN:144,handleToggle
FN:212,onToggle
FNF:3
FNH:1
FNDA:8,CampaignActivityReport
FNDA:0,handleToggle
FNDA:0,onToggle
DA:1,1
DA:2,1
DA:3,1
DA:4,1
DA:5,1
DA:35,8
DA:36,8
DA:39,8
DA:40,8
DA:41,8
DA:42,8
DA:43,8
DA:44,8
DA:45,8
DA:46,8
DA:47,8
DA:48,8
DA:49,8
DA:52,8
DA:53,8
DA:54,5
DA:55,5
DA:56,5
DA:57,5
DA:58,5
DA:59,5
DA:60,5
DA:61,8
DA:62,8
DA:64,8
DA:65,8
DA:66,8
DA:67,8
DA:69,8
DA:70,8
DA:71,8
DA:72,8
DA:75,8
DA:76,5
DA:78,3
DA:79,3
DA:81,3
DA:82,16
DA:84,16
DA:85,10
DA:86,10
DA:87,10
DA:88,10
DA:89,10
DA:90,10
DA:91,10
DA:92,10
DA:93,10
DA:94,10
DA:96,16
DA:97,16
DA:98,16
DA:99,3
DA:102,3
DA:103,10
DA:105,10
DA:106,16
DA:107,16
DA:108,15
DA:109,15
DA:110,16
DA:111,10
DA:113,10
DA:114,10
DA:115,10
DA:117,10
DA:118,10
DA:119,10
DA:120,10
DA:121,10
DA:122,10
DA:123,10
DA:124,3
DA:126,3
DA:127,8
DA:130,8
DA:131,8
DA:132,3
DA:133,3
DA:134,3
DA:135,8
DA:138,8
DA:139,8
DA:140,8
DA:141,8
DA:142,8
DA:144,8
DA:145,0
DA:146,0
DA:147,0
DA:148,0
DA:149,0
DA:150,0
DA:151,0
DA:152,0
DA:154,8
DA:155,8
DA:157,8
DA:158,8
DA:159,8
DA:160,8
DA:162,8
DA:163,8
DA:164,8
DA:165,8
DA:166,8
DA:167,8
DA:169,8
DA:170,8
DA:171,8
DA:173,8
DA:174,8
DA:175,8
DA:176,8
DA:177,8
DA:178,8
DA:180,8
DA:181,8
DA:182,8
DA:184,8
DA:185,8
DA:186,8
DA:187,8
DA:188,8
DA:189,8
DA:191,8
DA:192,8
DA:193,8
DA:195,8
DA:196,8
DA:197,8
DA:198,8
DA:199,8
DA:200,8
DA:201,8
DA:204,8
DA:205,6
DA:206,6
DA:207,6
DA:208,20
DA:209,20
DA:210,20
DA:211,20
DA:212,20
DA:213,20
DA:214,20
DA:215,6
DA:216,6
DA:218,2
DA:219,2
DA:220,2
DA:222,2
DA:223,2
DA:225,8
DA:227,8
LF:160
LH:152
BRDA:35,0,0,8
BRDA:65,1,0,6
BRDA:65,2,0,2
BRDA:141,3,0,0
BRDA:142,4,0,0
BRDA:204,5,0,6
BRDA:216,6,0,2
BRDA:53,7,0,5
BRDA:56,8,0,0
BRDA:57,9,0,16
BRDA:70,10,0,5
BRDA:70,11,0,0
BRDA:70,12,0,15
BRDA:75,13,0,5
BRDA:76,14,0,2
BRDA:76,15,0,3
BRDA:81,16,0,16
BRDA:82,17,0,0
BRDA:84,18,0,10
BRDA:102,19,0,10
BRDA:115,20,0,0
BRDA:105,21,0,16
BRDA:107,22,0,15
BRDA:108,23,0,0
BRDA:114,24,0,5
BRDA:126,25,0,7
BRDA:130,26,0,8
BRDA:131,27,0,6
BRDA:131,28,0,3
BRDA:132,29,0,8
BRDA:139,30,0,32
BRDA:207,31,0,20
BRF:32
BRH:25
end_of_record
